========================================
General Configuration:
	Wighting: GradNorm
	Architecture: CGC
	Rep_Grad: False
	Multi_Input: False
	Seed: 1
	Device: cuda:1
GradNorm Configuration:
	alpha: 1.5
CGC Configuration:
	img_size: (2, 200, 12)
	num_experts: [1, 1, 1, 1]
Optimizer Configuration:
	optim: adam
	lr: 0.001
	weight_decay: 0.0001
Scheduler Configuration:
	scheduler: multistep
	milestones: [50]
	gamma: 0.1
data shape is (37673, 2, 200, 12), label shape is (37673, 4)
data shape is (9419, 2, 200, 12), label shape is (9419, 4)
2023-05-08 02:15:15,603 [INFO]: ========================================
2023-05-08 02:15:15,603 [INFO]: Total Params:
2023-05-08 02:15:15,603 [INFO]: 28490133
2023-05-08 02:15:15,603 [INFO]: Trainable Params:
2023-05-08 02:15:15,603 [INFO]: 28490133
2023-05-08 02:15:15,604 [INFO]: Non-trainable Params:
2023-05-08 02:15:15,604 [INFO]: 0
2023-05-08 02:15:15,607 [INFO]: ========================================
2023-05-08 02:15:15,607 [INFO]: LOG FORMAT | load_LOSS Acc | slope_LOSS Acc | speed_LOSS Acc | TIME
2023-05-08 02:27:21,361 [INFO]: Epoch: 0000 | TRAIN: 0.4970 0.7190 | 0.5373 0.7629 | 0.1464 0.9561 | Time: 725.6773 | 
2023-05-08 02:28:02,403 [INFO]: TEST: 0.1327 0.9526 | 0.1881 0.9294 | 0.0240 0.9942 | Time: 40.9859
2023-05-08 02:28:02,731 [INFO]:  * Time: 0:12:47/10:26:23
2023-05-08 02:58:50,047 [INFO]: Epoch: 0001 | TRAIN: 0.0597 0.9785 | 0.1268 0.9555 | 0.0294 0.9919 | Time: 1847.3113 | 
2023-05-08 02:59:31,228 [INFO]: TEST: 0.0437 0.9859 | 0.0973 0.9655 | 0.0308 0.9904 | Time: 41.1229
2023-05-08 02:59:31,460 [INFO]:  * Time: 0:44:15/18:04:07.500000
2023-05-08 03:30:17,297 [INFO]: Epoch: 0002 | TRAIN: 0.0348 0.9886 | 0.0816 0.9719 | 0.0267 0.9928 | Time: 1845.8325 | 
2023-05-08 03:30:58,343 [INFO]: TEST: 0.0408 0.9846 | 0.2378 0.9198 | 0.0167 0.9950 | Time: 40.9888
2023-05-08 03:30:58,378 [INFO]:  * Time: 1:15:42/20:36:26
2023-05-08 04:01:48,058 [INFO]: Epoch: 0003 | TRAIN: 0.0236 0.9924 | 0.0527 0.9817 | 0.0169 0.9956 | Time: 1849.6756 | 
2023-05-08 04:02:29,277 [INFO]: TEST: 0.0415 0.9862 | 0.0716 0.9759 | 0.0101 0.9973 | Time: 41.1616
2023-05-08 04:02:29,507 [INFO]:  * Time: 1:47:13/21:53:24.250000
2023-05-08 04:33:14,365 [INFO]: Epoch: 0004 | TRAIN: 0.0227 0.9924 | 0.0528 0.9815 | 0.0138 0.9965 | Time: 1844.8537 | 
2023-05-08 04:33:55,402 [INFO]: TEST: 0.0168 0.9939 | 0.0556 0.9800 | 0.0103 0.9972 | Time: 40.9799
2023-05-08 04:33:55,643 [INFO]:  * Time: 2:18:39/22:38:46.200000
2023-05-08 05:04:44,419 [INFO]: Epoch: 0005 | TRAIN: 0.0256 0.9914 | 0.0442 0.9852 | 0.0142 0.9961 | Time: 1848.7713 | 
2023-05-08 05:05:25,500 [INFO]: TEST: 0.0892 0.9689 | 0.1349 0.9587 | 0.0251 0.9924 | Time: 41.0241
2023-05-08 05:05:25,535 [INFO]:  * Time: 2:50:09/23:09:33.500000
2023-05-08 05:36:14,395 [INFO]: Epoch: 0006 | TRAIN: 0.0206 0.9931 | 0.0506 0.9825 | 0.0133 0.9967 | Time: 1848.8553 | 
2023-05-08 05:36:55,566 [INFO]: TEST: 0.2695 0.9463 | 0.3290 0.9003 | 0.0264 0.9904 | Time: 41.1177
2023-05-08 05:36:55,605 [INFO]:  * Time: 3:21:39/23:31:33
2023-05-08 06:07:40,198 [INFO]: Epoch: 0007 | TRAIN: 0.0217 0.9924 | 0.0389 0.9869 | 0.0129 0.9966 | Time: 1844.5887 | 
2023-05-08 06:08:21,395 [INFO]: TEST: 0.3589 0.8847 | 0.0895 0.9714 | 0.0325 0.9926 | Time: 41.1387
2023-05-08 06:08:21,427 [INFO]:  * Time: 3:53:05/23:47:38.125000
2023-05-08 06:39:07,134 [INFO]: Epoch: 0008 | TRAIN: 0.0184 0.9937 | 0.0357 0.9880 | 0.0106 0.9973 | Time: 1845.7029 | 
2023-05-08 06:39:48,200 [INFO]: TEST: 0.0314 0.9898 | 0.0797 0.9758 | 0.0756 0.9887 | Time: 41.0078
2023-05-08 06:39:48,238 [INFO]:  * Time: 4:24:32/1 day, 0:00:14.222222
2023-05-08 07:10:35,057 [INFO]: Epoch: 0009 | TRAIN: 0.0382 0.9863 | 0.0579 0.9801 | 0.0303 0.9927 | Time: 1846.8156 | 
2023-05-08 07:11:16,247 [INFO]: TEST: 0.1150 0.9652 | 0.2220 0.9414 | 0.0135 0.9967 | Time: 41.1323
2023-05-08 07:11:16,286 [INFO]:  * Time: 4:56:00/1 day, 0:10:24
2023-05-08 07:42:05,618 [INFO]: Epoch: 0010 | TRAIN: 0.0115 0.9963 | 0.0308 0.9894 | 0.0088 0.9980 | Time: 1849.3269 | 
2023-05-08 07:42:46,796 [INFO]: TEST: 0.0403 0.9874 | 0.1112 0.9617 | 0.0257 0.9918 | Time: 41.1189
2023-05-08 07:42:46,831 [INFO]:  * Time: 5:27:31/1 day, 0:18:56.272727
2023-05-08 08:13:33,999 [INFO]: Epoch: 0011 | TRAIN: 0.0185 0.9937 | 0.0367 0.9878 | 0.0140 0.9962 | Time: 1847.1628 | 
2023-05-08 08:14:15,044 [INFO]: TEST: 0.0454 0.9861 | 0.1026 0.9727 | 0.0446 0.9920 | Time: 40.9879
2023-05-08 08:14:15,083 [INFO]:  * Time: 5:58:59/1 day, 0:25:50.916667
2023-05-08 08:45:03,709 [INFO]: Epoch: 0012 | TRAIN: 0.0180 0.9939 | 0.0356 0.9883 | 0.0076 0.9978 | Time: 1848.6220 | 
2023-05-08 08:45:44,886 [INFO]: TEST: 0.0775 0.9717 | 0.0731 0.9753 | 0.0076 0.9986 | Time: 41.1240
2023-05-08 08:45:44,927 [INFO]:  * Time: 6:30:29/1 day, 0:31:49.307692
2023-05-08 09:16:28,929 [INFO]: Epoch: 0013 | TRAIN: 0.0131 0.9959 | 0.0281 0.9908 | 0.0056 0.9987 | Time: 1843.9976 | 
2023-05-08 09:17:10,123 [INFO]: TEST: 0.0416 0.9863 | 0.1048 0.9667 | 0.0073 0.9977 | Time: 41.1342
2023-05-08 09:17:10,156 [INFO]:  * Time: 7:01:54/1 day, 0:36:39
2023-05-08 09:48:00,800 [INFO]: Epoch: 0014 | TRAIN: 0.0204 0.9936 | 0.0290 0.9896 | 0.0109 0.9971 | Time: 1850.6402 | 
2023-05-08 09:48:41,857 [INFO]: TEST: 0.0994 0.9715 | 0.0283 0.9904 | 0.0080 0.9984 | Time: 40.9995
2023-05-08 09:48:41,898 [INFO]:  * Time: 7:33:26/1 day, 0:41:12.933333
2023-05-08 10:19:31,379 [INFO]: Epoch: 0015 | TRAIN: 0.0179 0.9949 | 0.0254 0.9915 | 0.0096 0.9976 | Time: 1849.4770 | 
2023-05-08 10:20:12,575 [INFO]: TEST: 0.0186 0.9931 | 0.0244 0.9929 | 0.0039 0.9994 | Time: 41.1380
2023-05-08 10:20:12,808 [INFO]:  * Time: 8:04:57/1 day, 0:45:09.562500
2023-05-08 10:51:01,752 [INFO]: Epoch: 0016 | TRAIN: 0.0182 0.9943 | 0.0219 0.9931 | 0.0057 0.9986 | Time: 1848.9393 | 
2023-05-08 10:51:42,921 [INFO]: TEST: 0.0219 0.9942 | 0.3549 0.9063 | 0.0082 0.9979 | Time: 41.1089
2023-05-08 10:51:42,960 [INFO]:  * Time: 8:36:27/1 day, 0:48:35.470588
2023-05-08 11:22:30,944 [INFO]: Epoch: 0017 | TRAIN: 0.0167 0.9943 | 0.0301 0.9904 | 0.0147 0.9961 | Time: 1847.9805 | 
2023-05-08 11:23:12,188 [INFO]: TEST: 0.0487 0.9839 | 0.0350 0.9897 | 0.0052 0.9987 | Time: 41.1727
2023-05-08 11:23:12,229 [INFO]:  * Time: 9:07:56/1 day, 0:51:35.777778
2023-05-08 11:54:00,007 [INFO]: Epoch: 0018 | TRAIN: 0.0145 0.9955 | 0.0241 0.9923 | 0.0050 0.9987 | Time: 1847.7738 | 
2023-05-08 11:54:41,237 [INFO]: TEST: 0.0656 0.9805 | 0.0339 0.9898 | 0.0144 0.9961 | Time: 41.1658
2023-05-08 11:54:41,277 [INFO]:  * Time: 9:39:25/1 day, 0:54:17.105263
2023-05-08 12:25:28,932 [INFO]: Epoch: 0019 | TRAIN: 0.0127 0.9959 | 0.0195 0.9934 | 0.0027 0.9994 | Time: 1847.6496 | 
2023-05-08 12:26:10,174 [INFO]: TEST: 0.0244 0.9917 | 0.1428 0.9631 | 0.0222 0.9938 | Time: 41.1729
2023-05-08 12:26:10,215 [INFO]:  * Time: 10:10:54/1 day, 0:56:42.300000
2023-05-08 12:56:57,558 [INFO]: Epoch: 0020 | TRAIN: 0.0143 0.9956 | 0.0235 0.9920 | 0.0131 0.9964 | Time: 1847.3372 | 
2023-05-08 12:57:38,756 [INFO]: TEST: 0.0886 0.9740 | 0.0549 0.9810 | 0.0089 0.9976 | Time: 41.1289
2023-05-08 12:57:38,790 [INFO]:  * Time: 10:42:23/1 day, 0:58:53.666667
2023-05-08 13:28:26,152 [INFO]: Epoch: 0021 | TRAIN: 0.0082 0.9972 | 0.0209 0.9930 | 0.0036 0.9990 | Time: 1847.3571 | 
2023-05-08 13:29:07,397 [INFO]: TEST: 0.1133 0.9737 | 0.0877 0.9730 | 0.0042 0.9992 | Time: 41.1729
2023-05-08 13:29:07,442 [INFO]:  * Time: 11:13:51/1 day, 1:00:50.863636
2023-05-08 13:59:55,029 [INFO]: Epoch: 0022 | TRAIN: 0.0117 0.9965 | 0.0156 0.9952 | 0.0045 0.9988 | Time: 1847.5816 | 
2023-05-08 14:00:36,241 [INFO]: TEST: 0.0128 0.9959 | 0.0390 0.9865 | 0.0025 0.9990 | Time: 41.1424
2023-05-08 14:00:36,279 [INFO]:  * Time: 11:45:20/1 day, 1:02:40
2023-05-08 14:31:23,276 [INFO]: Epoch: 0023 | TRAIN: 0.0137 0.9956 | 0.0261 0.9910 | 0.0061 0.9983 | Time: 1846.9916 | 
2023-05-08 14:32:04,485 [INFO]: TEST: 0.0117 0.9968 | 0.0429 0.9864 | 0.0229 0.9941 | Time: 41.1478
2023-05-08 14:32:04,537 [INFO]:  * Time: 12:16:48/1 day, 1:04:18
2023-05-08 15:02:51,537 [INFO]: Epoch: 0024 | TRAIN: 0.0199 0.9937 | 0.0222 0.9929 | 0.0088 0.9976 | Time: 1846.9945 | 
2023-05-08 15:03:32,742 [INFO]: TEST: 0.0128 0.9960 | 0.1912 0.9401 | 0.0068 0.9978 | Time: 41.1404
2023-05-08 15:03:32,783 [INFO]:  * Time: 12:48:17/1 day, 1:05:50.120000
2023-05-08 15:34:20,356 [INFO]: Epoch: 0025 | TRAIN: 0.0100 0.9969 | 0.0218 0.9932 | 0.0060 0.9983 | Time: 1847.5673 | 
2023-05-08 15:35:01,587 [INFO]: TEST: 0.0388 0.9883 | 0.1219 0.9654 | 0.0097 0.9977 | Time: 41.1620
2023-05-08 15:35:01,628 [INFO]:  * Time: 13:19:45/1 day, 1:07:13.269231
2023-05-08 16:05:49,343 [INFO]: Epoch: 0026 | TRAIN: 0.0117 0.9965 | 0.0144 0.9955 | 0.0026 0.9992 | Time: 1847.7090 | 
2023-05-08 16:06:30,532 [INFO]: TEST: 0.1821 0.9436 | 0.2897 0.9348 | 0.0107 0.9981 | Time: 41.1195
2023-05-08 16:06:30,571 [INFO]:  * Time: 13:51:14/1 day, 1:08:32.074074
2023-05-08 16:37:18,420 [INFO]: Epoch: 0027 | TRAIN: 0.0057 0.9982 | 0.0178 0.9940 | 0.0029 0.9993 | Time: 1847.8442 | 
2023-05-08 16:37:59,498 [INFO]: TEST: 0.0769 0.9837 | 0.1021 0.9679 | 0.0057 0.9987 | Time: 41.0111
2023-05-08 16:37:59,539 [INFO]:  * Time: 14:22:43/1 day, 1:09:45.250000
2023-05-08 17:08:50,634 [INFO]: Epoch: 0028 | TRAIN: 0.0089 0.9973 | 0.0174 0.9942 | 0.0059 0.9982 | Time: 1851.0879 | 
2023-05-08 17:09:31,790 [INFO]: TEST: 0.0201 0.9941 | 0.0276 0.9909 | 0.0047 0.9988 | Time: 41.0872
2023-05-08 17:09:31,833 [INFO]:  * Time: 14:54:16/1 day, 1:11:00.137931
2023-05-08 17:40:24,638 [INFO]: Epoch: 0029 | TRAIN: 0.0134 0.9964 | 0.0197 0.9936 | 0.0038 0.9989 | Time: 1852.7995 | 
2023-05-08 17:41:06,114 [INFO]: TEST: 0.1214 0.9686 | 0.0358 0.9877 | 0.0041 0.9987 | Time: 41.4130
2023-05-08 17:41:06,154 [INFO]:  * Time: 15:25:50/1 day, 1:12:11.666667
2023-05-08 18:12:06,108 [INFO]: Epoch: 0030 | TRAIN: 0.0134 0.9954 | 0.0194 0.9932 | 0.0065 0.9982 | Time: 1859.9494 | 
2023-05-08 18:12:47,546 [INFO]: TEST: 0.0120 0.9965 | 0.0703 0.9799 | 0.0033 0.9989 | Time: 41.3850
2023-05-08 18:12:47,581 [INFO]:  * Time: 15:57:31/1 day, 1:13:29.645161
2023-05-08 18:43:44,704 [INFO]: Epoch: 0031 | TRAIN: 0.0060 0.9982 | 0.0178 0.9942 | 0.0027 0.9992 | Time: 1857.1182 | 
2023-05-08 18:44:26,128 [INFO]: TEST: 0.0044 0.9987 | 0.0305 0.9910 | 0.0029 0.9992 | Time: 41.3659
2023-05-08 18:44:26,371 [INFO]:  * Time: 16:29:10/1 day, 1:14:39.687500
2023-05-08 19:15:30,156 [INFO]: Epoch: 0032 | TRAIN: 0.0072 0.9977 | 0.0125 0.9957 | 0.0057 0.9986 | Time: 1863.7809 | 
2023-05-08 19:16:11,463 [INFO]: TEST: 0.0135 0.9967 | 0.0302 0.9904 | 0.0029 0.9992 | Time: 41.2476
2023-05-08 19:16:11,500 [INFO]:  * Time: 17:00:55/1 day, 1:15:54.393939
2023-05-08 19:47:15,731 [INFO]: Epoch: 0033 | TRAIN: 0.0136 0.9961 | 0.0147 0.9956 | 0.0052 0.9986 | Time: 1864.2259 | 
2023-05-08 19:47:57,051 [INFO]: TEST: 0.1329 0.9719 | 0.3381 0.9147 | 0.0061 0.9987 | Time: 41.2634
2023-05-08 19:47:57,093 [INFO]:  * Time: 17:32:41/1 day, 1:17:06.147059
